<?xml version="1.0" encoding="UTF-8"?>
<!-- Generated by org.testng.reporters.JUnitReportReporter -->
<testsuite hostname="Manish" failures="1" tests="1" name="cucumberOptions.FailedScenarios" time="7.013" errors="0" timestamp="2024-12-19T23:16:18 IST" skipped="0">
  <testcase classname="cucumberOptions.FailedScenarios" name="runScenario" time="7.013">
    <failure message="expected [Beetroot] but found [No data]" type="java.lang.AssertionError">
      <![CDATA[java.lang.AssertionError: expected [Beetroot] but found [No data]
at org.testng.Assert.fail(Assert.java:111)
at org.testng.Assert.failNotEquals(Assert.java:1578)
at org.testng.Assert.assertEqualsImpl(Assert.java:150)
at org.testng.Assert.assertEquals(Assert.java:132)
at org.testng.Assert.assertEquals(Assert.java:656)
at org.testng.Assert.assertEquals(Assert.java:666)
at StepDefination.OfferPageStepDefination.validate_product_name_in_offer_page_matches_with_landing_page(OfferPageStepDefination.java:59)
at ✽.validate product name in offer page matches with Landing Page(file:///D:/Workspace/Eclipse_Enterprice/AutomationTesting/SeleniumBDD_Cucumber_POM_Framework/src/test/java/FeatureFile/searchProduct.feature:9)
]]>
    </failure>
  </testcase> <!-- runScenario -->
</testsuite> <!-- cucumberOptions.FailedScenarios -->
